[ INFO ] [2020-11-04 16:52:03] com.wyz.gateway.GatewayApplication [651] - No active profile set, falling back to default profiles: default
[ INFO ] [2020-11-04 16:52:04] org.springframework.cloud.context.scope.GenericScope [295] - BeanFactory id=af3f750d-ca8b-34fb-a0b9-5446f534c71b
[ INFO ] [2020-11-04 16:52:04] org.springframework.context.support.PostProcessorRegistrationDelegate$BeanPostProcessorChecker [335] - Bean 'org.springframework.cloud.client.loadbalancer.reactive.LoadBalancerBeanPostProcessorAutoConfiguration' of type [org.springframework.cloud.client.loadbalancer.reactive.LoadBalancerBeanPostProcessorAutoConfiguration] is not eligible for getting processed by all BeanPostProcessors (for example: not eligible for auto-proxying)
[ INFO ] [2020-11-04 16:52:04] org.springframework.context.support.PostProcessorRegistrationDelegate$BeanPostProcessorChecker [335] - Bean 'org.springframework.cloud.client.loadbalancer.reactive.LoadBalancerBeanPostProcessorAutoConfiguration$ReactiveLoadBalancerConfig' of type [org.springframework.cloud.client.loadbalancer.reactive.LoadBalancerBeanPostProcessorAutoConfiguration$ReactiveLoadBalancerConfig] is not eligible for getting processed by all BeanPostProcessors (for example: not eligible for auto-proxying)
[ INFO ] [2020-11-04 16:52:04] org.springframework.context.support.PostProcessorRegistrationDelegate$BeanPostProcessorChecker [335] - Bean 'deferringLoadBalancerExchangeFilterFunction' of type [org.springframework.cloud.client.loadbalancer.reactive.DeferringLoadBalancerExchangeFilterFunction] is not eligible for getting processed by all BeanPostProcessors (for example: not eligible for auto-proxying)
[ WARN ] [2020-11-04 16:52:04] com.netflix.config.sources.URLConfigurationSource [121] - No URLs will be polled as dynamic configuration sources.
[ INFO ] [2020-11-04 16:52:04] com.netflix.config.sources.URLConfigurationSource [122] - To enable URLs as dynamic configuration sources, define System property archaius.configurationSource.additionalUrls or make config.properties available on classpath.
[ WARN ] [2020-11-04 16:52:04] com.netflix.config.sources.URLConfigurationSource [121] - No URLs will be polled as dynamic configuration sources.
[ INFO ] [2020-11-04 16:52:04] com.netflix.config.sources.URLConfigurationSource [122] - To enable URLs as dynamic configuration sources, define System property archaius.configurationSource.additionalUrls or make config.properties available on classpath.
[ WARN ] [2020-11-04 16:52:07] o.springframework.boot.web.reactive.context.AnnotationConfigReactiveWebServerApplicationContext [559] - Exception encountered during context initialization - cancelling refresh attempt: org.springframework.beans.factory.UnsatisfiedDependencyException: Error creating bean with name 'nettyWriteResponseFilter' defined in class path resource [org/springframework/cloud/gateway/config/GatewayAutoConfiguration$NettyConfiguration.class]: Unsatisfied dependency expressed through method 'nettyWriteResponseFilter' parameter 0; nested exception is org.springframework.boot.context.properties.ConfigurationPropertiesBindException: Error creating bean with name 'gatewayProperties': Could not bind properties to 'GatewayProperties' : prefix=spring.cloud.gateway, ignoreInvalidFields=false, ignoreUnknownFields=true; nested exception is org.springframework.boot.context.properties.bind.BindException: Failed to bind properties under 'spring.cloud.gateway' to org.springframework.cloud.gateway.config.GatewayProperties
[ INFO ] [2020-11-04 16:52:07] org.springframework.boot.autoconfigure.logging.ConditionEvaluationReportLoggingListener [136] - 

Error starting ApplicationContext. To display the conditions report re-run your application with 'debug' enabled.
[ ERROR] [2020-11-04 16:52:07] org.springframework.boot.diagnostics.LoggingFailureAnalysisReporter [40] - 

***************************
APPLICATION FAILED TO START
***************************

Description:

Binding to target org.springframework.boot.context.properties.bind.BindException: Failed to bind properties under 'spring.cloud.gateway' to org.springframework.cloud.gateway.config.GatewayProperties failed:

    Property: spring.cloud.gateway.routes[0].predicates
    Value: []
    Origin: class path resource [application.yml]:26:22
    Reason: 不能为空

    Property: spring.cloud.gateway.routes[0].uri
    Value: null
    Reason: 不能为null


Action:

Update your application's configuration

[ INFO ] [2020-11-04 16:52:55] com.wyz.gateway.GatewayApplication [651] - No active profile set, falling back to default profiles: default
[ INFO ] [2020-11-04 16:52:56] org.springframework.cloud.context.scope.GenericScope [295] - BeanFactory id=af3f750d-ca8b-34fb-a0b9-5446f534c71b
[ INFO ] [2020-11-04 16:52:56] org.springframework.context.support.PostProcessorRegistrationDelegate$BeanPostProcessorChecker [335] - Bean 'org.springframework.cloud.client.loadbalancer.reactive.LoadBalancerBeanPostProcessorAutoConfiguration' of type [org.springframework.cloud.client.loadbalancer.reactive.LoadBalancerBeanPostProcessorAutoConfiguration] is not eligible for getting processed by all BeanPostProcessors (for example: not eligible for auto-proxying)
[ INFO ] [2020-11-04 16:52:56] org.springframework.context.support.PostProcessorRegistrationDelegate$BeanPostProcessorChecker [335] - Bean 'org.springframework.cloud.client.loadbalancer.reactive.LoadBalancerBeanPostProcessorAutoConfiguration$ReactiveLoadBalancerConfig' of type [org.springframework.cloud.client.loadbalancer.reactive.LoadBalancerBeanPostProcessorAutoConfiguration$ReactiveLoadBalancerConfig] is not eligible for getting processed by all BeanPostProcessors (for example: not eligible for auto-proxying)
[ INFO ] [2020-11-04 16:52:56] org.springframework.context.support.PostProcessorRegistrationDelegate$BeanPostProcessorChecker [335] - Bean 'deferringLoadBalancerExchangeFilterFunction' of type [org.springframework.cloud.client.loadbalancer.reactive.DeferringLoadBalancerExchangeFilterFunction] is not eligible for getting processed by all BeanPostProcessors (for example: not eligible for auto-proxying)
[ WARN ] [2020-11-04 16:52:56] com.netflix.config.sources.URLConfigurationSource [121] - No URLs will be polled as dynamic configuration sources.
[ INFO ] [2020-11-04 16:52:56] com.netflix.config.sources.URLConfigurationSource [122] - To enable URLs as dynamic configuration sources, define System property archaius.configurationSource.additionalUrls or make config.properties available on classpath.
[ WARN ] [2020-11-04 16:52:56] com.netflix.config.sources.URLConfigurationSource [121] - No URLs will be polled as dynamic configuration sources.
[ INFO ] [2020-11-04 16:52:56] com.netflix.config.sources.URLConfigurationSource [122] - To enable URLs as dynamic configuration sources, define System property archaius.configurationSource.additionalUrls or make config.properties available on classpath.
[ INFO ] [2020-11-04 16:53:00] org.springframework.cloud.gateway.route.RouteDefinitionRouteLocator [139] - Loaded RoutePredicateFactory [After]
[ INFO ] [2020-11-04 16:53:00] org.springframework.cloud.gateway.route.RouteDefinitionRouteLocator [139] - Loaded RoutePredicateFactory [Before]
[ INFO ] [2020-11-04 16:53:00] org.springframework.cloud.gateway.route.RouteDefinitionRouteLocator [139] - Loaded RoutePredicateFactory [Between]
[ INFO ] [2020-11-04 16:53:00] org.springframework.cloud.gateway.route.RouteDefinitionRouteLocator [139] - Loaded RoutePredicateFactory [Cookie]
[ INFO ] [2020-11-04 16:53:00] org.springframework.cloud.gateway.route.RouteDefinitionRouteLocator [139] - Loaded RoutePredicateFactory [Header]
[ INFO ] [2020-11-04 16:53:00] org.springframework.cloud.gateway.route.RouteDefinitionRouteLocator [139] - Loaded RoutePredicateFactory [Host]
[ INFO ] [2020-11-04 16:53:00] org.springframework.cloud.gateway.route.RouteDefinitionRouteLocator [139] - Loaded RoutePredicateFactory [Method]
[ INFO ] [2020-11-04 16:53:00] org.springframework.cloud.gateway.route.RouteDefinitionRouteLocator [139] - Loaded RoutePredicateFactory [Path]
[ INFO ] [2020-11-04 16:53:00] org.springframework.cloud.gateway.route.RouteDefinitionRouteLocator [139] - Loaded RoutePredicateFactory [Query]
[ INFO ] [2020-11-04 16:53:00] org.springframework.cloud.gateway.route.RouteDefinitionRouteLocator [139] - Loaded RoutePredicateFactory [ReadBodyPredicateFactory]
[ INFO ] [2020-11-04 16:53:00] org.springframework.cloud.gateway.route.RouteDefinitionRouteLocator [139] - Loaded RoutePredicateFactory [RemoteAddr]
[ INFO ] [2020-11-04 16:53:00] org.springframework.cloud.gateway.route.RouteDefinitionRouteLocator [139] - Loaded RoutePredicateFactory [Weight]
[ INFO ] [2020-11-04 16:53:00] org.springframework.cloud.gateway.route.RouteDefinitionRouteLocator [139] - Loaded RoutePredicateFactory [CloudFoundryRouteService]
[ INFO ] [2020-11-04 16:53:00] org.springframework.scheduling.concurrent.ThreadPoolTaskScheduler [181] - Initializing ExecutorService 'Nacso-Watch-Task-Scheduler'
[ INFO ] [2020-11-04 16:53:02] org.springframework.boot.web.embedded.netty.NettyWebServer [109] - Netty started on port(s): 8001
[ INFO ] [2020-11-04 16:53:04] com.alibaba.cloud.nacos.registry.NacosServiceRegistry [65] - nacos registry, DEFAULT_GROUP gateway 192.168.225.1:8001 register finished
[ INFO ] [2020-11-04 16:53:04] com.wyz.gateway.GatewayApplication [61] - Started GatewayApplication in 11.793 seconds (JVM running for 12.936)
[ INFO ] [2020-11-04 17:51:30] com.wyz.gateway.GatewayApplication [651] - No active profile set, falling back to default profiles: default
[ ERROR] [2020-11-04 17:51:30] org.springframework.boot.SpringApplication [837] - Application run failed
java.lang.IllegalStateException: Cannot load configuration class: com.wyz.gateway.filter.RequestFilter
	at org.springframework.context.annotation.ConfigurationClassPostProcessor.enhanceConfigurationClasses(ConfigurationClassPostProcessor.java:393)
	at org.springframework.context.annotation.ConfigurationClassPostProcessor.postProcessBeanFactory(ConfigurationClassPostProcessor.java:257)
	at org.springframework.context.support.PostProcessorRegistrationDelegate.invokeBeanFactoryPostProcessors(PostProcessorRegistrationDelegate.java:291)
	at org.springframework.context.support.PostProcessorRegistrationDelegate.invokeBeanFactoryPostProcessors(PostProcessorRegistrationDelegate.java:131)
	at org.springframework.context.support.AbstractApplicationContext.invokeBeanFactoryPostProcessors(AbstractApplicationContext.java:707)
	at org.springframework.context.support.AbstractApplicationContext.refresh(AbstractApplicationContext.java:533)
	at org.springframework.boot.web.reactive.context.ReactiveWebServerApplicationContext.refresh(ReactiveWebServerApplicationContext.java:62)
	at org.springframework.boot.SpringApplication.refresh(SpringApplication.java:758)
	at org.springframework.boot.SpringApplication.refresh(SpringApplication.java:750)
	at org.springframework.boot.SpringApplication.refreshContext(SpringApplication.java:405)
	at org.springframework.boot.SpringApplication.run(SpringApplication.java:315)
	at org.springframework.boot.SpringApplication.run(SpringApplication.java:1237)
	at org.springframework.boot.SpringApplication.run(SpringApplication.java:1226)
	at com.wyz.gateway.GatewayApplication.main(GatewayApplication.java:10)
Caused by: java.lang.ClassNotFoundException: com.wyz.gateway.filter.RequestFilter
	at java.net.URLClassLoader.findClass(URLClassLoader.java:382)
	at java.lang.ClassLoader.loadClass(ClassLoader.java:418)
	at sun.misc.Launcher$AppClassLoader.loadClass(Launcher.java:355)
	at java.lang.ClassLoader.loadClass(ClassLoader.java:351)
	at java.lang.Class.forName0(Native Method)
	at java.lang.Class.forName(Class.java:348)
	at org.springframework.util.ClassUtils.forName(ClassUtils.java:284)
	at org.springframework.beans.factory.support.AbstractBeanDefinition.resolveBeanClass(AbstractBeanDefinition.java:469)
	at org.springframework.context.annotation.ConfigurationClassPostProcessor.enhanceConfigurationClasses(ConfigurationClassPostProcessor.java:389)
	... 13 common frames omitted
[ WARN ] [2020-11-04 17:51:30] org.springframework.boot.SpringApplication [819] - Unable to close ApplicationContext
org.springframework.beans.factory.CannotLoadBeanClassException: Cannot find class [com.wyz.gateway.filter.RequestFilter] for bean with name 'requestFilter' defined in file [C:\GitHub\wyz-gateway\build\classes\java\main\com\wyz\gateway\filter\RequestFilter.class]; nested exception is java.lang.ClassNotFoundException: com.wyz.gateway.filter.RequestFilter
	at org.springframework.beans.factory.support.AbstractBeanFactory.resolveBeanClass(AbstractBeanFactory.java:1486)
	at org.springframework.beans.factory.support.AbstractAutowireCapableBeanFactory.determineTargetType(AbstractAutowireCapableBeanFactory.java:681)
	at org.springframework.beans.factory.support.AbstractAutowireCapableBeanFactory.predictBeanType(AbstractAutowireCapableBeanFactory.java:648)
	at org.springframework.beans.factory.support.AbstractBeanFactory.isFactoryBean(AbstractBeanFactory.java:1614)
	at org.springframework.beans.factory.support.DefaultListableBeanFactory.doGetBeanNamesForType(DefaultListableBeanFactory.java:523)
	at org.springframework.beans.factory.support.DefaultListableBeanFactory.getBeanNamesForType(DefaultListableBeanFactory.java:495)
	at org.springframework.beans.factory.support.DefaultListableBeanFactory.getBeansOfType(DefaultListableBeanFactory.java:620)
	at org.springframework.beans.factory.support.DefaultListableBeanFactory.getBeansOfType(DefaultListableBeanFactory.java:612)
	at org.springframework.context.support.AbstractApplicationContext.getBeansOfType(AbstractApplicationContext.java:1243)
	at org.springframework.boot.SpringApplication.getExitCodeFromMappedException(SpringApplication.java:880)
	at org.springframework.boot.SpringApplication.getExitCodeFromException(SpringApplication.java:868)
	at org.springframework.boot.SpringApplication.handleExitCode(SpringApplication.java:855)
	at org.springframework.boot.SpringApplication.handleRunFailure(SpringApplication.java:806)
	at org.springframework.boot.SpringApplication.run(SpringApplication.java:325)
	at org.springframework.boot.SpringApplication.run(SpringApplication.java:1237)
	at org.springframework.boot.SpringApplication.run(SpringApplication.java:1226)
	at com.wyz.gateway.GatewayApplication.main(GatewayApplication.java:10)
Caused by: java.lang.ClassNotFoundException: com.wyz.gateway.filter.RequestFilter
	at java.net.URLClassLoader.findClass(URLClassLoader.java:382)
	at java.lang.ClassLoader.loadClass(ClassLoader.java:418)
	at sun.misc.Launcher$AppClassLoader.loadClass(Launcher.java:355)
	at java.lang.ClassLoader.loadClass(ClassLoader.java:351)
	at java.lang.Class.forName0(Native Method)
	at java.lang.Class.forName(Class.java:348)
	at org.springframework.util.ClassUtils.forName(ClassUtils.java:284)
	at org.springframework.beans.factory.support.AbstractBeanDefinition.resolveBeanClass(AbstractBeanDefinition.java:469)
	at org.springframework.beans.factory.support.AbstractBeanFactory.doResolveBeanClass(AbstractBeanFactory.java:1551)
	at org.springframework.beans.factory.support.AbstractBeanFactory.resolveBeanClass(AbstractBeanFactory.java:1478)
	... 16 common frames omitted
[ INFO ] [2020-11-04 17:52:50] com.wyz.gateway.GatewayApplication [651] - No active profile set, falling back to default profiles: default
[ INFO ] [2020-11-04 17:52:51] org.springframework.cloud.context.scope.GenericScope [295] - BeanFactory id=c19547b7-e54c-39a9-b98e-e1d7bbcb48a0
[ INFO ] [2020-11-04 17:52:51] org.springframework.context.support.PostProcessorRegistrationDelegate$BeanPostProcessorChecker [335] - Bean 'org.springframework.cloud.client.loadbalancer.reactive.LoadBalancerBeanPostProcessorAutoConfiguration' of type [org.springframework.cloud.client.loadbalancer.reactive.LoadBalancerBeanPostProcessorAutoConfiguration] is not eligible for getting processed by all BeanPostProcessors (for example: not eligible for auto-proxying)
[ INFO ] [2020-11-04 17:52:51] org.springframework.context.support.PostProcessorRegistrationDelegate$BeanPostProcessorChecker [335] - Bean 'org.springframework.cloud.client.loadbalancer.reactive.LoadBalancerBeanPostProcessorAutoConfiguration$ReactiveLoadBalancerConfig' of type [org.springframework.cloud.client.loadbalancer.reactive.LoadBalancerBeanPostProcessorAutoConfiguration$ReactiveLoadBalancerConfig] is not eligible for getting processed by all BeanPostProcessors (for example: not eligible for auto-proxying)
[ INFO ] [2020-11-04 17:52:51] org.springframework.context.support.PostProcessorRegistrationDelegate$BeanPostProcessorChecker [335] - Bean 'deferringLoadBalancerExchangeFilterFunction' of type [org.springframework.cloud.client.loadbalancer.reactive.DeferringLoadBalancerExchangeFilterFunction] is not eligible for getting processed by all BeanPostProcessors (for example: not eligible for auto-proxying)
[ WARN ] [2020-11-04 17:52:51] com.netflix.config.sources.URLConfigurationSource [121] - No URLs will be polled as dynamic configuration sources.
[ INFO ] [2020-11-04 17:52:51] com.netflix.config.sources.URLConfigurationSource [122] - To enable URLs as dynamic configuration sources, define System property archaius.configurationSource.additionalUrls or make config.properties available on classpath.
[ WARN ] [2020-11-04 17:52:51] com.netflix.config.sources.URLConfigurationSource [121] - No URLs will be polled as dynamic configuration sources.
[ INFO ] [2020-11-04 17:52:51] com.netflix.config.sources.URLConfigurationSource [122] - To enable URLs as dynamic configuration sources, define System property archaius.configurationSource.additionalUrls or make config.properties available on classpath.
[ INFO ] [2020-11-04 17:52:55] org.springframework.cloud.gateway.route.RouteDefinitionRouteLocator [139] - Loaded RoutePredicateFactory [After]
[ INFO ] [2020-11-04 17:52:55] org.springframework.cloud.gateway.route.RouteDefinitionRouteLocator [139] - Loaded RoutePredicateFactory [Before]
[ INFO ] [2020-11-04 17:52:55] org.springframework.cloud.gateway.route.RouteDefinitionRouteLocator [139] - Loaded RoutePredicateFactory [Between]
[ INFO ] [2020-11-04 17:52:55] org.springframework.cloud.gateway.route.RouteDefinitionRouteLocator [139] - Loaded RoutePredicateFactory [Cookie]
[ INFO ] [2020-11-04 17:52:55] org.springframework.cloud.gateway.route.RouteDefinitionRouteLocator [139] - Loaded RoutePredicateFactory [Header]
[ INFO ] [2020-11-04 17:52:55] org.springframework.cloud.gateway.route.RouteDefinitionRouteLocator [139] - Loaded RoutePredicateFactory [Host]
[ INFO ] [2020-11-04 17:52:55] org.springframework.cloud.gateway.route.RouteDefinitionRouteLocator [139] - Loaded RoutePredicateFactory [Method]
[ INFO ] [2020-11-04 17:52:55] org.springframework.cloud.gateway.route.RouteDefinitionRouteLocator [139] - Loaded RoutePredicateFactory [Path]
[ INFO ] [2020-11-04 17:52:55] org.springframework.cloud.gateway.route.RouteDefinitionRouteLocator [139] - Loaded RoutePredicateFactory [Query]
[ INFO ] [2020-11-04 17:52:55] org.springframework.cloud.gateway.route.RouteDefinitionRouteLocator [139] - Loaded RoutePredicateFactory [ReadBodyPredicateFactory]
[ INFO ] [2020-11-04 17:52:55] org.springframework.cloud.gateway.route.RouteDefinitionRouteLocator [139] - Loaded RoutePredicateFactory [RemoteAddr]
[ INFO ] [2020-11-04 17:52:55] org.springframework.cloud.gateway.route.RouteDefinitionRouteLocator [139] - Loaded RoutePredicateFactory [Weight]
[ INFO ] [2020-11-04 17:52:55] org.springframework.cloud.gateway.route.RouteDefinitionRouteLocator [139] - Loaded RoutePredicateFactory [CloudFoundryRouteService]
[ INFO ] [2020-11-04 17:52:55] org.springframework.scheduling.concurrent.ThreadPoolTaskScheduler [181] - Initializing ExecutorService 'Nacso-Watch-Task-Scheduler'
[ INFO ] [2020-11-04 17:52:57] org.springframework.boot.web.embedded.netty.NettyWebServer [109] - Netty started on port(s): 8001
[ INFO ] [2020-11-04 17:52:58] com.alibaba.cloud.nacos.registry.NacosServiceRegistry [65] - nacos registry, DEFAULT_GROUP gateway 192.168.225.1:8001 register finished
[ INFO ] [2020-11-04 17:52:58] com.wyz.gateway.GatewayApplication [61] - Started GatewayApplication in 12.635 seconds (JVM running for 14.609)
[ INFO ] [2020-11-04 17:54:20] com.wyz.gateway.GatewayApplication [651] - No active profile set, falling back to default profiles: default
[ INFO ] [2020-11-04 17:54:21] org.springframework.cloud.context.scope.GenericScope [295] - BeanFactory id=c19547b7-e54c-39a9-b98e-e1d7bbcb48a0
[ INFO ] [2020-11-04 17:54:21] org.springframework.context.support.PostProcessorRegistrationDelegate$BeanPostProcessorChecker [335] - Bean 'org.springframework.cloud.client.loadbalancer.reactive.LoadBalancerBeanPostProcessorAutoConfiguration' of type [org.springframework.cloud.client.loadbalancer.reactive.LoadBalancerBeanPostProcessorAutoConfiguration] is not eligible for getting processed by all BeanPostProcessors (for example: not eligible for auto-proxying)
[ INFO ] [2020-11-04 17:54:21] org.springframework.context.support.PostProcessorRegistrationDelegate$BeanPostProcessorChecker [335] - Bean 'org.springframework.cloud.client.loadbalancer.reactive.LoadBalancerBeanPostProcessorAutoConfiguration$ReactiveLoadBalancerConfig' of type [org.springframework.cloud.client.loadbalancer.reactive.LoadBalancerBeanPostProcessorAutoConfiguration$ReactiveLoadBalancerConfig] is not eligible for getting processed by all BeanPostProcessors (for example: not eligible for auto-proxying)
[ INFO ] [2020-11-04 17:54:21] org.springframework.context.support.PostProcessorRegistrationDelegate$BeanPostProcessorChecker [335] - Bean 'deferringLoadBalancerExchangeFilterFunction' of type [org.springframework.cloud.client.loadbalancer.reactive.DeferringLoadBalancerExchangeFilterFunction] is not eligible for getting processed by all BeanPostProcessors (for example: not eligible for auto-proxying)
[ WARN ] [2020-11-04 17:54:21] com.netflix.config.sources.URLConfigurationSource [121] - No URLs will be polled as dynamic configuration sources.
[ INFO ] [2020-11-04 17:54:21] com.netflix.config.sources.URLConfigurationSource [122] - To enable URLs as dynamic configuration sources, define System property archaius.configurationSource.additionalUrls or make config.properties available on classpath.
[ WARN ] [2020-11-04 17:54:21] com.netflix.config.sources.URLConfigurationSource [121] - No URLs will be polled as dynamic configuration sources.
[ INFO ] [2020-11-04 17:54:21] com.netflix.config.sources.URLConfigurationSource [122] - To enable URLs as dynamic configuration sources, define System property archaius.configurationSource.additionalUrls or make config.properties available on classpath.
[ INFO ] [2020-11-04 17:54:25] org.springframework.cloud.gateway.route.RouteDefinitionRouteLocator [139] - Loaded RoutePredicateFactory [After]
[ INFO ] [2020-11-04 17:54:25] org.springframework.cloud.gateway.route.RouteDefinitionRouteLocator [139] - Loaded RoutePredicateFactory [Before]
[ INFO ] [2020-11-04 17:54:25] org.springframework.cloud.gateway.route.RouteDefinitionRouteLocator [139] - Loaded RoutePredicateFactory [Between]
[ INFO ] [2020-11-04 17:54:25] org.springframework.cloud.gateway.route.RouteDefinitionRouteLocator [139] - Loaded RoutePredicateFactory [Cookie]
[ INFO ] [2020-11-04 17:54:25] org.springframework.cloud.gateway.route.RouteDefinitionRouteLocator [139] - Loaded RoutePredicateFactory [Header]
[ INFO ] [2020-11-04 17:54:25] org.springframework.cloud.gateway.route.RouteDefinitionRouteLocator [139] - Loaded RoutePredicateFactory [Host]
[ INFO ] [2020-11-04 17:54:25] org.springframework.cloud.gateway.route.RouteDefinitionRouteLocator [139] - Loaded RoutePredicateFactory [Method]
[ INFO ] [2020-11-04 17:54:25] org.springframework.cloud.gateway.route.RouteDefinitionRouteLocator [139] - Loaded RoutePredicateFactory [Path]
[ INFO ] [2020-11-04 17:54:25] org.springframework.cloud.gateway.route.RouteDefinitionRouteLocator [139] - Loaded RoutePredicateFactory [Query]
[ INFO ] [2020-11-04 17:54:25] org.springframework.cloud.gateway.route.RouteDefinitionRouteLocator [139] - Loaded RoutePredicateFactory [ReadBodyPredicateFactory]
[ INFO ] [2020-11-04 17:54:25] org.springframework.cloud.gateway.route.RouteDefinitionRouteLocator [139] - Loaded RoutePredicateFactory [RemoteAddr]
[ INFO ] [2020-11-04 17:54:25] org.springframework.cloud.gateway.route.RouteDefinitionRouteLocator [139] - Loaded RoutePredicateFactory [Weight]
[ INFO ] [2020-11-04 17:54:25] org.springframework.cloud.gateway.route.RouteDefinitionRouteLocator [139] - Loaded RoutePredicateFactory [CloudFoundryRouteService]
[ INFO ] [2020-11-04 17:54:25] org.springframework.scheduling.concurrent.ThreadPoolTaskScheduler [181] - Initializing ExecutorService 'Nacso-Watch-Task-Scheduler'
[ INFO ] [2020-11-04 17:54:27] org.springframework.boot.web.embedded.netty.NettyWebServer [109] - Netty started on port(s): 8001
[ INFO ] [2020-11-04 17:54:28] com.alibaba.cloud.nacos.registry.NacosServiceRegistry [65] - nacos registry, DEFAULT_GROUP gateway 192.168.225.1:8001 register finished
[ INFO ] [2020-11-04 17:54:28] com.wyz.gateway.GatewayApplication [61] - Started GatewayApplication in 11.578 seconds (JVM running for 13.517)
[ INFO ] [2020-11-04 17:54:43] com.wyz.gateway.GatewayApplication [651] - No active profile set, falling back to default profiles: default
[ INFO ] [2020-11-04 17:54:44] org.springframework.cloud.context.scope.GenericScope [295] - BeanFactory id=c19547b7-e54c-39a9-b98e-e1d7bbcb48a0
[ INFO ] [2020-11-04 17:54:44] org.springframework.context.support.PostProcessorRegistrationDelegate$BeanPostProcessorChecker [335] - Bean 'org.springframework.cloud.client.loadbalancer.reactive.LoadBalancerBeanPostProcessorAutoConfiguration' of type [org.springframework.cloud.client.loadbalancer.reactive.LoadBalancerBeanPostProcessorAutoConfiguration] is not eligible for getting processed by all BeanPostProcessors (for example: not eligible for auto-proxying)
[ INFO ] [2020-11-04 17:54:44] org.springframework.context.support.PostProcessorRegistrationDelegate$BeanPostProcessorChecker [335] - Bean 'org.springframework.cloud.client.loadbalancer.reactive.LoadBalancerBeanPostProcessorAutoConfiguration$ReactiveLoadBalancerConfig' of type [org.springframework.cloud.client.loadbalancer.reactive.LoadBalancerBeanPostProcessorAutoConfiguration$ReactiveLoadBalancerConfig] is not eligible for getting processed by all BeanPostProcessors (for example: not eligible for auto-proxying)
[ INFO ] [2020-11-04 17:54:44] org.springframework.context.support.PostProcessorRegistrationDelegate$BeanPostProcessorChecker [335] - Bean 'deferringLoadBalancerExchangeFilterFunction' of type [org.springframework.cloud.client.loadbalancer.reactive.DeferringLoadBalancerExchangeFilterFunction] is not eligible for getting processed by all BeanPostProcessors (for example: not eligible for auto-proxying)
[ WARN ] [2020-11-04 17:54:44] com.netflix.config.sources.URLConfigurationSource [121] - No URLs will be polled as dynamic configuration sources.
[ INFO ] [2020-11-04 17:54:44] com.netflix.config.sources.URLConfigurationSource [122] - To enable URLs as dynamic configuration sources, define System property archaius.configurationSource.additionalUrls or make config.properties available on classpath.
[ WARN ] [2020-11-04 17:54:44] com.netflix.config.sources.URLConfigurationSource [121] - No URLs will be polled as dynamic configuration sources.
[ INFO ] [2020-11-04 17:54:44] com.netflix.config.sources.URLConfigurationSource [122] - To enable URLs as dynamic configuration sources, define System property archaius.configurationSource.additionalUrls or make config.properties available on classpath.
[ INFO ] [2020-11-04 17:54:47] org.springframework.cloud.gateway.route.RouteDefinitionRouteLocator [139] - Loaded RoutePredicateFactory [After]
[ INFO ] [2020-11-04 17:54:47] org.springframework.cloud.gateway.route.RouteDefinitionRouteLocator [139] - Loaded RoutePredicateFactory [Before]
[ INFO ] [2020-11-04 17:54:47] org.springframework.cloud.gateway.route.RouteDefinitionRouteLocator [139] - Loaded RoutePredicateFactory [Between]
[ INFO ] [2020-11-04 17:54:47] org.springframework.cloud.gateway.route.RouteDefinitionRouteLocator [139] - Loaded RoutePredicateFactory [Cookie]
[ INFO ] [2020-11-04 17:54:47] org.springframework.cloud.gateway.route.RouteDefinitionRouteLocator [139] - Loaded RoutePredicateFactory [Header]
[ INFO ] [2020-11-04 17:54:47] org.springframework.cloud.gateway.route.RouteDefinitionRouteLocator [139] - Loaded RoutePredicateFactory [Host]
[ INFO ] [2020-11-04 17:54:47] org.springframework.cloud.gateway.route.RouteDefinitionRouteLocator [139] - Loaded RoutePredicateFactory [Method]
[ INFO ] [2020-11-04 17:54:47] org.springframework.cloud.gateway.route.RouteDefinitionRouteLocator [139] - Loaded RoutePredicateFactory [Path]
[ INFO ] [2020-11-04 17:54:47] org.springframework.cloud.gateway.route.RouteDefinitionRouteLocator [139] - Loaded RoutePredicateFactory [Query]
[ INFO ] [2020-11-04 17:54:47] org.springframework.cloud.gateway.route.RouteDefinitionRouteLocator [139] - Loaded RoutePredicateFactory [ReadBodyPredicateFactory]
[ INFO ] [2020-11-04 17:54:47] org.springframework.cloud.gateway.route.RouteDefinitionRouteLocator [139] - Loaded RoutePredicateFactory [RemoteAddr]
[ INFO ] [2020-11-04 17:54:47] org.springframework.cloud.gateway.route.RouteDefinitionRouteLocator [139] - Loaded RoutePredicateFactory [Weight]
[ INFO ] [2020-11-04 17:54:47] org.springframework.cloud.gateway.route.RouteDefinitionRouteLocator [139] - Loaded RoutePredicateFactory [CloudFoundryRouteService]
[ INFO ] [2020-11-04 17:54:47] org.springframework.scheduling.concurrent.ThreadPoolTaskScheduler [181] - Initializing ExecutorService 'Nacso-Watch-Task-Scheduler'
[ INFO ] [2020-11-04 17:54:49] org.springframework.boot.web.embedded.netty.NettyWebServer [109] - Netty started on port(s): 8001
[ INFO ] [2020-11-04 17:54:51] com.alibaba.cloud.nacos.registry.NacosServiceRegistry [65] - nacos registry, DEFAULT_GROUP gateway 192.168.225.1:8001 register finished
[ INFO ] [2020-11-04 17:54:51] com.wyz.gateway.GatewayApplication [61] - Started GatewayApplication in 11.174 seconds (JVM running for 13.019)
[ INFO ] [2020-11-04 17:56:51] com.wyz.gateway.GatewayApplication [651] - No active profile set, falling back to default profiles: default
[ INFO ] [2020-11-04 17:56:52] org.springframework.cloud.context.scope.GenericScope [295] - BeanFactory id=c19547b7-e54c-39a9-b98e-e1d7bbcb48a0
[ INFO ] [2020-11-04 17:56:52] org.springframework.context.support.PostProcessorRegistrationDelegate$BeanPostProcessorChecker [335] - Bean 'org.springframework.cloud.client.loadbalancer.reactive.LoadBalancerBeanPostProcessorAutoConfiguration' of type [org.springframework.cloud.client.loadbalancer.reactive.LoadBalancerBeanPostProcessorAutoConfiguration] is not eligible for getting processed by all BeanPostProcessors (for example: not eligible for auto-proxying)
[ INFO ] [2020-11-04 17:56:52] org.springframework.context.support.PostProcessorRegistrationDelegate$BeanPostProcessorChecker [335] - Bean 'org.springframework.cloud.client.loadbalancer.reactive.LoadBalancerBeanPostProcessorAutoConfiguration$ReactiveLoadBalancerConfig' of type [org.springframework.cloud.client.loadbalancer.reactive.LoadBalancerBeanPostProcessorAutoConfiguration$ReactiveLoadBalancerConfig] is not eligible for getting processed by all BeanPostProcessors (for example: not eligible for auto-proxying)
[ INFO ] [2020-11-04 17:56:52] org.springframework.context.support.PostProcessorRegistrationDelegate$BeanPostProcessorChecker [335] - Bean 'deferringLoadBalancerExchangeFilterFunction' of type [org.springframework.cloud.client.loadbalancer.reactive.DeferringLoadBalancerExchangeFilterFunction] is not eligible for getting processed by all BeanPostProcessors (for example: not eligible for auto-proxying)
[ WARN ] [2020-11-04 17:56:52] com.netflix.config.sources.URLConfigurationSource [121] - No URLs will be polled as dynamic configuration sources.
[ INFO ] [2020-11-04 17:56:52] com.netflix.config.sources.URLConfigurationSource [122] - To enable URLs as dynamic configuration sources, define System property archaius.configurationSource.additionalUrls or make config.properties available on classpath.
[ WARN ] [2020-11-04 17:56:52] com.netflix.config.sources.URLConfigurationSource [121] - No URLs will be polled as dynamic configuration sources.
[ INFO ] [2020-11-04 17:56:52] com.netflix.config.sources.URLConfigurationSource [122] - To enable URLs as dynamic configuration sources, define System property archaius.configurationSource.additionalUrls or make config.properties available on classpath.
[ INFO ] [2020-11-04 17:56:56] org.springframework.cloud.gateway.route.RouteDefinitionRouteLocator [139] - Loaded RoutePredicateFactory [After]
[ INFO ] [2020-11-04 17:56:56] org.springframework.cloud.gateway.route.RouteDefinitionRouteLocator [139] - Loaded RoutePredicateFactory [Before]
[ INFO ] [2020-11-04 17:56:56] org.springframework.cloud.gateway.route.RouteDefinitionRouteLocator [139] - Loaded RoutePredicateFactory [Between]
[ INFO ] [2020-11-04 17:56:56] org.springframework.cloud.gateway.route.RouteDefinitionRouteLocator [139] - Loaded RoutePredicateFactory [Cookie]
[ INFO ] [2020-11-04 17:56:56] org.springframework.cloud.gateway.route.RouteDefinitionRouteLocator [139] - Loaded RoutePredicateFactory [Header]
[ INFO ] [2020-11-04 17:56:56] org.springframework.cloud.gateway.route.RouteDefinitionRouteLocator [139] - Loaded RoutePredicateFactory [Host]
[ INFO ] [2020-11-04 17:56:56] org.springframework.cloud.gateway.route.RouteDefinitionRouteLocator [139] - Loaded RoutePredicateFactory [Method]
[ INFO ] [2020-11-04 17:56:56] org.springframework.cloud.gateway.route.RouteDefinitionRouteLocator [139] - Loaded RoutePredicateFactory [Path]
[ INFO ] [2020-11-04 17:56:56] org.springframework.cloud.gateway.route.RouteDefinitionRouteLocator [139] - Loaded RoutePredicateFactory [Query]
[ INFO ] [2020-11-04 17:56:56] org.springframework.cloud.gateway.route.RouteDefinitionRouteLocator [139] - Loaded RoutePredicateFactory [ReadBodyPredicateFactory]
[ INFO ] [2020-11-04 17:56:56] org.springframework.cloud.gateway.route.RouteDefinitionRouteLocator [139] - Loaded RoutePredicateFactory [RemoteAddr]
[ INFO ] [2020-11-04 17:56:56] org.springframework.cloud.gateway.route.RouteDefinitionRouteLocator [139] - Loaded RoutePredicateFactory [Weight]
[ INFO ] [2020-11-04 17:56:56] org.springframework.cloud.gateway.route.RouteDefinitionRouteLocator [139] - Loaded RoutePredicateFactory [CloudFoundryRouteService]
[ INFO ] [2020-11-04 17:56:56] org.springframework.scheduling.concurrent.ThreadPoolTaskScheduler [181] - Initializing ExecutorService 'Nacso-Watch-Task-Scheduler'
[ INFO ] [2020-11-04 17:56:58] org.springframework.boot.web.embedded.netty.NettyWebServer [109] - Netty started on port(s): 8001
[ INFO ] [2020-11-04 17:57:00] com.alibaba.cloud.nacos.registry.NacosServiceRegistry [65] - nacos registry, DEFAULT_GROUP gateway 192.168.225.1:8001 register finished
[ INFO ] [2020-11-04 17:57:00] com.wyz.gateway.GatewayApplication [61] - Started GatewayApplication in 12.334 seconds (JVM running for 13.847)
[ INFO ] [2020-11-05 10:46:54] com.wyz.gateway.GatewayApplication [651] - No active profile set, falling back to default profiles: default
[ INFO ] [2020-11-05 10:46:55] org.springframework.cloud.context.scope.GenericScope [295] - BeanFactory id=c19547b7-e54c-39a9-b98e-e1d7bbcb48a0
[ INFO ] [2020-11-05 10:46:55] org.springframework.context.support.PostProcessorRegistrationDelegate$BeanPostProcessorChecker [335] - Bean 'org.springframework.cloud.client.loadbalancer.reactive.LoadBalancerBeanPostProcessorAutoConfiguration' of type [org.springframework.cloud.client.loadbalancer.reactive.LoadBalancerBeanPostProcessorAutoConfiguration] is not eligible for getting processed by all BeanPostProcessors (for example: not eligible for auto-proxying)
[ INFO ] [2020-11-05 10:46:55] org.springframework.context.support.PostProcessorRegistrationDelegate$BeanPostProcessorChecker [335] - Bean 'org.springframework.cloud.client.loadbalancer.reactive.LoadBalancerBeanPostProcessorAutoConfiguration$ReactiveLoadBalancerConfig' of type [org.springframework.cloud.client.loadbalancer.reactive.LoadBalancerBeanPostProcessorAutoConfiguration$ReactiveLoadBalancerConfig] is not eligible for getting processed by all BeanPostProcessors (for example: not eligible for auto-proxying)
[ INFO ] [2020-11-05 10:46:55] org.springframework.context.support.PostProcessorRegistrationDelegate$BeanPostProcessorChecker [335] - Bean 'deferringLoadBalancerExchangeFilterFunction' of type [org.springframework.cloud.client.loadbalancer.reactive.DeferringLoadBalancerExchangeFilterFunction] is not eligible for getting processed by all BeanPostProcessors (for example: not eligible for auto-proxying)
[ WARN ] [2020-11-05 10:46:55] com.netflix.config.sources.URLConfigurationSource [121] - No URLs will be polled as dynamic configuration sources.
[ INFO ] [2020-11-05 10:46:55] com.netflix.config.sources.URLConfigurationSource [122] - To enable URLs as dynamic configuration sources, define System property archaius.configurationSource.additionalUrls or make config.properties available on classpath.
[ WARN ] [2020-11-05 10:46:55] com.netflix.config.sources.URLConfigurationSource [121] - No URLs will be polled as dynamic configuration sources.
[ INFO ] [2020-11-05 10:46:55] com.netflix.config.sources.URLConfigurationSource [122] - To enable URLs as dynamic configuration sources, define System property archaius.configurationSource.additionalUrls or make config.properties available on classpath.
[ INFO ] [2020-11-05 17:54:03] com.wyz.gateway.GatewayApplication [651] - No active profile set, falling back to default profiles: default
[ INFO ] [2020-11-05 17:54:05] org.springframework.cloud.context.scope.GenericScope [295] - BeanFactory id=c19547b7-e54c-39a9-b98e-e1d7bbcb48a0
[ INFO ] [2020-11-05 17:54:05] org.springframework.context.support.PostProcessorRegistrationDelegate$BeanPostProcessorChecker [335] - Bean 'org.springframework.cloud.client.loadbalancer.reactive.LoadBalancerBeanPostProcessorAutoConfiguration' of type [org.springframework.cloud.client.loadbalancer.reactive.LoadBalancerBeanPostProcessorAutoConfiguration] is not eligible for getting processed by all BeanPostProcessors (for example: not eligible for auto-proxying)
[ INFO ] [2020-11-05 17:54:05] org.springframework.context.support.PostProcessorRegistrationDelegate$BeanPostProcessorChecker [335] - Bean 'org.springframework.cloud.client.loadbalancer.reactive.LoadBalancerBeanPostProcessorAutoConfiguration$ReactiveLoadBalancerConfig' of type [org.springframework.cloud.client.loadbalancer.reactive.LoadBalancerBeanPostProcessorAutoConfiguration$ReactiveLoadBalancerConfig] is not eligible for getting processed by all BeanPostProcessors (for example: not eligible for auto-proxying)
[ INFO ] [2020-11-05 17:54:05] org.springframework.context.support.PostProcessorRegistrationDelegate$BeanPostProcessorChecker [335] - Bean 'deferringLoadBalancerExchangeFilterFunction' of type [org.springframework.cloud.client.loadbalancer.reactive.DeferringLoadBalancerExchangeFilterFunction] is not eligible for getting processed by all BeanPostProcessors (for example: not eligible for auto-proxying)
[ WARN ] [2020-11-05 17:54:06] com.netflix.config.sources.URLConfigurationSource [121] - No URLs will be polled as dynamic configuration sources.
[ INFO ] [2020-11-05 17:54:06] com.netflix.config.sources.URLConfigurationSource [122] - To enable URLs as dynamic configuration sources, define System property archaius.configurationSource.additionalUrls or make config.properties available on classpath.
[ WARN ] [2020-11-05 17:54:06] com.netflix.config.sources.URLConfigurationSource [121] - No URLs will be polled as dynamic configuration sources.
[ INFO ] [2020-11-05 17:54:06] com.netflix.config.sources.URLConfigurationSource [122] - To enable URLs as dynamic configuration sources, define System property archaius.configurationSource.additionalUrls or make config.properties available on classpath.
[ INFO ] [2020-11-05 17:54:14] org.springframework.cloud.gateway.route.RouteDefinitionRouteLocator [139] - Loaded RoutePredicateFactory [After]
[ INFO ] [2020-11-05 17:54:14] org.springframework.cloud.gateway.route.RouteDefinitionRouteLocator [139] - Loaded RoutePredicateFactory [Before]
[ INFO ] [2020-11-05 17:54:14] org.springframework.cloud.gateway.route.RouteDefinitionRouteLocator [139] - Loaded RoutePredicateFactory [Between]
[ INFO ] [2020-11-05 17:54:14] org.springframework.cloud.gateway.route.RouteDefinitionRouteLocator [139] - Loaded RoutePredicateFactory [Cookie]
[ INFO ] [2020-11-05 17:54:14] org.springframework.cloud.gateway.route.RouteDefinitionRouteLocator [139] - Loaded RoutePredicateFactory [Header]
[ INFO ] [2020-11-05 17:54:14] org.springframework.cloud.gateway.route.RouteDefinitionRouteLocator [139] - Loaded RoutePredicateFactory [Host]
[ INFO ] [2020-11-05 17:54:14] org.springframework.cloud.gateway.route.RouteDefinitionRouteLocator [139] - Loaded RoutePredicateFactory [Method]
[ INFO ] [2020-11-05 17:54:14] org.springframework.cloud.gateway.route.RouteDefinitionRouteLocator [139] - Loaded RoutePredicateFactory [Path]
[ INFO ] [2020-11-05 17:54:14] org.springframework.cloud.gateway.route.RouteDefinitionRouteLocator [139] - Loaded RoutePredicateFactory [Query]
[ INFO ] [2020-11-05 17:54:14] org.springframework.cloud.gateway.route.RouteDefinitionRouteLocator [139] - Loaded RoutePredicateFactory [ReadBodyPredicateFactory]
[ INFO ] [2020-11-05 17:54:14] org.springframework.cloud.gateway.route.RouteDefinitionRouteLocator [139] - Loaded RoutePredicateFactory [RemoteAddr]
[ INFO ] [2020-11-05 17:54:14] org.springframework.cloud.gateway.route.RouteDefinitionRouteLocator [139] - Loaded RoutePredicateFactory [Weight]
[ INFO ] [2020-11-05 17:54:14] org.springframework.cloud.gateway.route.RouteDefinitionRouteLocator [139] - Loaded RoutePredicateFactory [CloudFoundryRouteService]
[ INFO ] [2020-11-05 17:54:14] org.springframework.scheduling.concurrent.ThreadPoolTaskScheduler [181] - Initializing ExecutorService 'Nacso-Watch-Task-Scheduler'
[ INFO ] [2020-11-05 17:54:19] org.springframework.boot.web.embedded.netty.NettyWebServer [109] - Netty started on port(s): 8001
[ INFO ] [2020-11-05 17:54:23] com.alibaba.cloud.nacos.registry.NacosServiceRegistry [65] - nacos registry, DEFAULT_GROUP gateway 192.168.225.1:8001 register finished
[ INFO ] [2020-11-05 17:54:24] com.wyz.gateway.GatewayApplication [61] - Started GatewayApplication in 33.32 seconds (JVM running for 36.712)
[ INFO ] [2020-11-05 18:51:34] com.wyz.gateway.GatewayApplication [651] - No active profile set, falling back to default profiles: default
[ INFO ] [2020-11-05 18:51:36] org.springframework.cloud.context.scope.GenericScope [295] - BeanFactory id=47e86dcd-c45f-32b6-93e8-59f966bfb238
[ INFO ] [2020-11-05 18:51:36] org.springframework.context.support.PostProcessorRegistrationDelegate$BeanPostProcessorChecker [335] - Bean 'org.springframework.cloud.client.loadbalancer.reactive.LoadBalancerBeanPostProcessorAutoConfiguration' of type [org.springframework.cloud.client.loadbalancer.reactive.LoadBalancerBeanPostProcessorAutoConfiguration] is not eligible for getting processed by all BeanPostProcessors (for example: not eligible for auto-proxying)
[ INFO ] [2020-11-05 18:51:36] org.springframework.context.support.PostProcessorRegistrationDelegate$BeanPostProcessorChecker [335] - Bean 'org.springframework.cloud.client.loadbalancer.reactive.LoadBalancerBeanPostProcessorAutoConfiguration$ReactiveLoadBalancerConfig' of type [org.springframework.cloud.client.loadbalancer.reactive.LoadBalancerBeanPostProcessorAutoConfiguration$ReactiveLoadBalancerConfig] is not eligible for getting processed by all BeanPostProcessors (for example: not eligible for auto-proxying)
[ INFO ] [2020-11-05 18:51:36] org.springframework.context.support.PostProcessorRegistrationDelegate$BeanPostProcessorChecker [335] - Bean 'deferringLoadBalancerExchangeFilterFunction' of type [org.springframework.cloud.client.loadbalancer.reactive.DeferringLoadBalancerExchangeFilterFunction] is not eligible for getting processed by all BeanPostProcessors (for example: not eligible for auto-proxying)
[ WARN ] [2020-11-05 18:51:36] com.netflix.config.sources.URLConfigurationSource [121] - No URLs will be polled as dynamic configuration sources.
[ INFO ] [2020-11-05 18:51:36] com.netflix.config.sources.URLConfigurationSource [122] - To enable URLs as dynamic configuration sources, define System property archaius.configurationSource.additionalUrls or make config.properties available on classpath.
[ WARN ] [2020-11-05 18:51:36] com.netflix.config.sources.URLConfigurationSource [121] - No URLs will be polled as dynamic configuration sources.
[ INFO ] [2020-11-05 18:51:36] com.netflix.config.sources.URLConfigurationSource [122] - To enable URLs as dynamic configuration sources, define System property archaius.configurationSource.additionalUrls or make config.properties available on classpath.
[ INFO ] [2020-11-05 18:51:41] org.springframework.cloud.gateway.route.RouteDefinitionRouteLocator [139] - Loaded RoutePredicateFactory [After]
[ INFO ] [2020-11-05 18:51:41] org.springframework.cloud.gateway.route.RouteDefinitionRouteLocator [139] - Loaded RoutePredicateFactory [Before]
[ INFO ] [2020-11-05 18:51:41] org.springframework.cloud.gateway.route.RouteDefinitionRouteLocator [139] - Loaded RoutePredicateFactory [Between]
[ INFO ] [2020-11-05 18:51:41] org.springframework.cloud.gateway.route.RouteDefinitionRouteLocator [139] - Loaded RoutePredicateFactory [Cookie]
[ INFO ] [2020-11-05 18:51:41] org.springframework.cloud.gateway.route.RouteDefinitionRouteLocator [139] - Loaded RoutePredicateFactory [Header]
[ INFO ] [2020-11-05 18:51:41] org.springframework.cloud.gateway.route.RouteDefinitionRouteLocator [139] - Loaded RoutePredicateFactory [Host]
[ INFO ] [2020-11-05 18:51:41] org.springframework.cloud.gateway.route.RouteDefinitionRouteLocator [139] - Loaded RoutePredicateFactory [Method]
[ INFO ] [2020-11-05 18:51:41] org.springframework.cloud.gateway.route.RouteDefinitionRouteLocator [139] - Loaded RoutePredicateFactory [Path]
[ INFO ] [2020-11-05 18:51:41] org.springframework.cloud.gateway.route.RouteDefinitionRouteLocator [139] - Loaded RoutePredicateFactory [Query]
[ INFO ] [2020-11-05 18:51:41] org.springframework.cloud.gateway.route.RouteDefinitionRouteLocator [139] - Loaded RoutePredicateFactory [ReadBodyPredicateFactory]
[ INFO ] [2020-11-05 18:51:41] org.springframework.cloud.gateway.route.RouteDefinitionRouteLocator [139] - Loaded RoutePredicateFactory [RemoteAddr]
[ INFO ] [2020-11-05 18:51:41] org.springframework.cloud.gateway.route.RouteDefinitionRouteLocator [139] - Loaded RoutePredicateFactory [Weight]
[ INFO ] [2020-11-05 18:51:41] org.springframework.cloud.gateway.route.RouteDefinitionRouteLocator [139] - Loaded RoutePredicateFactory [CloudFoundryRouteService]
[ INFO ] [2020-11-05 18:51:41] org.springframework.scheduling.concurrent.ThreadPoolTaskScheduler [181] - Initializing ExecutorService 'Nacso-Watch-Task-Scheduler'
[ INFO ] [2020-11-05 18:51:43] org.springframework.boot.web.embedded.netty.NettyWebServer [109] - Netty started on port(s): 8001
[ INFO ] [2020-11-05 18:51:45] com.alibaba.cloud.nacos.registry.NacosServiceRegistry [65] - nacos registry, DEFAULT_GROUP gateway 192.168.225.1:8001 register finished
[ INFO ] [2020-11-05 18:51:45] com.wyz.gateway.GatewayApplication [61] - Started GatewayApplication in 15.644 seconds (JVM running for 18.321)
[ INFO ] [2020-11-05 18:52:09] com.netflix.config.ChainedDynamicProperty [115] - Flipping property: user.ribbon.ActiveConnectionsLimit to use NEXT property: niws.loadbalancer.availabilityFilteringRule.activeConnectionsLimit = 2147483647
[ INFO ] [2020-11-05 18:52:10] com.netflix.loadbalancer.BaseLoadBalancer [197] - Client: user instantiated a LoadBalancer: DynamicServerListLoadBalancer:{NFLoadBalancer:name=user,current list of Servers=[],Load balancer stats=Zone stats: {},Server stats: []}ServerList:null
[ INFO ] [2020-11-05 18:52:10] com.netflix.loadbalancer.DynamicServerListLoadBalancer [222] - Using serverListUpdater PollingServerListUpdater
[ INFO ] [2020-11-05 18:52:10] com.netflix.config.ChainedDynamicProperty [115] - Flipping property: user.ribbon.ActiveConnectionsLimit to use NEXT property: niws.loadbalancer.availabilityFilteringRule.activeConnectionsLimit = 2147483647
[ INFO ] [2020-11-05 18:52:10] com.netflix.loadbalancer.DynamicServerListLoadBalancer [150] - DynamicServerListLoadBalancer for client user initialized: DynamicServerListLoadBalancer:{NFLoadBalancer:name=user,current list of Servers=[192.168.225.1:8002],Load balancer stats=Zone stats: {unknown=[Zone:unknown;	Instance count:1;	Active connections count: 0;	Circuit breaker tripped count: 0;	Active connections per server: 0.0;]
},Server stats: [[Server:192.168.225.1:8002;	Zone:UNKNOWN;	Total Requests:0;	Successive connection failure:0;	Total blackout seconds:0;	Last connection made:Thu Jan 01 08:00:00 CST 1970;	First connection made: Thu Jan 01 08:00:00 CST 1970;	Active Connections:0;	total failure count in last (1000) msecs:0;	average resp time:0.0;	90 percentile resp time:0.0;	95 percentile resp time:0.0;	min resp time:0.0;	max resp time:0.0;	stddev resp time:0.0]
]}ServerList:com.alibaba.cloud.nacos.ribbon.NacosServerList@bd738be
[ INFO ] [2020-11-05 18:52:11] com.netflix.config.ChainedDynamicProperty [115] - Flipping property: user.ribbon.ActiveConnectionsLimit to use NEXT property: niws.loadbalancer.availabilityFilteringRule.activeConnectionsLimit = 2147483647
[ INFO ] [2020-11-05 18:53:16] com.netflix.loadbalancer.PollingServerListUpdater [53] - Shutting down the Executor Pool for PollingServerListUpdater
[ INFO ] [2020-11-05 18:53:16] com.alibaba.cloud.nacos.registry.NacosServiceRegistry [80] - De-registering from Nacos Server now...
[ INFO ] [2020-11-05 18:53:16] com.alibaba.cloud.nacos.registry.NacosServiceRegistry [100] - De-registration finished.
[ INFO ] [2020-11-05 18:53:32] com.wyz.gateway.GatewayApplication [651] - No active profile set, falling back to default profiles: default
[ INFO ] [2020-11-05 18:53:32] org.springframework.cloud.context.scope.GenericScope [295] - BeanFactory id=c19547b7-e54c-39a9-b98e-e1d7bbcb48a0
[ INFO ] [2020-11-05 18:53:32] org.springframework.context.support.PostProcessorRegistrationDelegate$BeanPostProcessorChecker [335] - Bean 'org.springframework.cloud.client.loadbalancer.reactive.LoadBalancerBeanPostProcessorAutoConfiguration' of type [org.springframework.cloud.client.loadbalancer.reactive.LoadBalancerBeanPostProcessorAutoConfiguration] is not eligible for getting processed by all BeanPostProcessors (for example: not eligible for auto-proxying)
[ INFO ] [2020-11-05 18:53:32] org.springframework.context.support.PostProcessorRegistrationDelegate$BeanPostProcessorChecker [335] - Bean 'org.springframework.cloud.client.loadbalancer.reactive.LoadBalancerBeanPostProcessorAutoConfiguration$ReactiveLoadBalancerConfig' of type [org.springframework.cloud.client.loadbalancer.reactive.LoadBalancerBeanPostProcessorAutoConfiguration$ReactiveLoadBalancerConfig] is not eligible for getting processed by all BeanPostProcessors (for example: not eligible for auto-proxying)
[ INFO ] [2020-11-05 18:53:32] org.springframework.context.support.PostProcessorRegistrationDelegate$BeanPostProcessorChecker [335] - Bean 'deferringLoadBalancerExchangeFilterFunction' of type [org.springframework.cloud.client.loadbalancer.reactive.DeferringLoadBalancerExchangeFilterFunction] is not eligible for getting processed by all BeanPostProcessors (for example: not eligible for auto-proxying)
[ WARN ] [2020-11-05 18:53:32] com.netflix.config.sources.URLConfigurationSource [121] - No URLs will be polled as dynamic configuration sources.
[ INFO ] [2020-11-05 18:53:32] com.netflix.config.sources.URLConfigurationSource [122] - To enable URLs as dynamic configuration sources, define System property archaius.configurationSource.additionalUrls or make config.properties available on classpath.
[ WARN ] [2020-11-05 18:53:32] com.netflix.config.sources.URLConfigurationSource [121] - No URLs will be polled as dynamic configuration sources.
[ INFO ] [2020-11-05 18:53:33] com.netflix.config.sources.URLConfigurationSource [122] - To enable URLs as dynamic configuration sources, define System property archaius.configurationSource.additionalUrls or make config.properties available on classpath.
[ INFO ] [2020-11-05 18:53:37] org.springframework.cloud.gateway.route.RouteDefinitionRouteLocator [139] - Loaded RoutePredicateFactory [After]
[ INFO ] [2020-11-05 18:53:37] org.springframework.cloud.gateway.route.RouteDefinitionRouteLocator [139] - Loaded RoutePredicateFactory [Before]
[ INFO ] [2020-11-05 18:53:37] org.springframework.cloud.gateway.route.RouteDefinitionRouteLocator [139] - Loaded RoutePredicateFactory [Between]
[ INFO ] [2020-11-05 18:53:37] org.springframework.cloud.gateway.route.RouteDefinitionRouteLocator [139] - Loaded RoutePredicateFactory [Cookie]
[ INFO ] [2020-11-05 18:53:37] org.springframework.cloud.gateway.route.RouteDefinitionRouteLocator [139] - Loaded RoutePredicateFactory [Header]
[ INFO ] [2020-11-05 18:53:37] org.springframework.cloud.gateway.route.RouteDefinitionRouteLocator [139] - Loaded RoutePredicateFactory [Host]
[ INFO ] [2020-11-05 18:53:37] org.springframework.cloud.gateway.route.RouteDefinitionRouteLocator [139] - Loaded RoutePredicateFactory [Method]
[ INFO ] [2020-11-05 18:53:37] org.springframework.cloud.gateway.route.RouteDefinitionRouteLocator [139] - Loaded RoutePredicateFactory [Path]
[ INFO ] [2020-11-05 18:53:37] org.springframework.cloud.gateway.route.RouteDefinitionRouteLocator [139] - Loaded RoutePredicateFactory [Query]
[ INFO ] [2020-11-05 18:53:37] org.springframework.cloud.gateway.route.RouteDefinitionRouteLocator [139] - Loaded RoutePredicateFactory [ReadBodyPredicateFactory]
[ INFO ] [2020-11-05 18:53:37] org.springframework.cloud.gateway.route.RouteDefinitionRouteLocator [139] - Loaded RoutePredicateFactory [RemoteAddr]
[ INFO ] [2020-11-05 18:53:37] org.springframework.cloud.gateway.route.RouteDefinitionRouteLocator [139] - Loaded RoutePredicateFactory [Weight]
[ INFO ] [2020-11-05 18:53:37] org.springframework.cloud.gateway.route.RouteDefinitionRouteLocator [139] - Loaded RoutePredicateFactory [CloudFoundryRouteService]
[ INFO ] [2020-11-05 18:53:37] org.springframework.scheduling.concurrent.ThreadPoolTaskScheduler [181] - Initializing ExecutorService 'Nacso-Watch-Task-Scheduler'
[ INFO ] [2020-11-05 18:53:39] org.springframework.boot.web.embedded.netty.NettyWebServer [109] - Netty started on port(s): 8001
[ INFO ] [2020-11-05 18:53:41] com.alibaba.cloud.nacos.registry.NacosServiceRegistry [65] - nacos registry, DEFAULT_GROUP gateway 192.168.225.1:8001 register finished
[ INFO ] [2020-11-05 18:53:41] com.wyz.gateway.GatewayApplication [61] - Started GatewayApplication in 14.069 seconds (JVM running for 17.268)
[ INFO ] [2020-11-05 18:57:36] com.netflix.config.ChainedDynamicProperty [115] - Flipping property: user.ribbon.ActiveConnectionsLimit to use NEXT property: niws.loadbalancer.availabilityFilteringRule.activeConnectionsLimit = 2147483647
[ INFO ] [2020-11-05 18:57:36] com.netflix.loadbalancer.BaseLoadBalancer [197] - Client: user instantiated a LoadBalancer: DynamicServerListLoadBalancer:{NFLoadBalancer:name=user,current list of Servers=[],Load balancer stats=Zone stats: {},Server stats: []}ServerList:null
[ INFO ] [2020-11-05 18:57:36] com.netflix.loadbalancer.DynamicServerListLoadBalancer [222] - Using serverListUpdater PollingServerListUpdater
[ INFO ] [2020-11-05 18:57:36] com.netflix.config.ChainedDynamicProperty [115] - Flipping property: user.ribbon.ActiveConnectionsLimit to use NEXT property: niws.loadbalancer.availabilityFilteringRule.activeConnectionsLimit = 2147483647
[ INFO ] [2020-11-05 18:57:36] com.netflix.loadbalancer.DynamicServerListLoadBalancer [150] - DynamicServerListLoadBalancer for client user initialized: DynamicServerListLoadBalancer:{NFLoadBalancer:name=user,current list of Servers=[192.168.225.1:8002],Load balancer stats=Zone stats: {unknown=[Zone:unknown;	Instance count:1;	Active connections count: 0;	Circuit breaker tripped count: 0;	Active connections per server: 0.0;]
},Server stats: [[Server:192.168.225.1:8002;	Zone:UNKNOWN;	Total Requests:0;	Successive connection failure:0;	Total blackout seconds:0;	Last connection made:Thu Jan 01 08:00:00 CST 1970;	First connection made: Thu Jan 01 08:00:00 CST 1970;	Active Connections:0;	total failure count in last (1000) msecs:0;	average resp time:0.0;	90 percentile resp time:0.0;	95 percentile resp time:0.0;	min resp time:0.0;	max resp time:0.0;	stddev resp time:0.0]
]}ServerList:com.alibaba.cloud.nacos.ribbon.NacosServerList@badf619
[ INFO ] [2020-11-05 18:57:37] com.netflix.config.ChainedDynamicProperty [115] - Flipping property: user.ribbon.ActiveConnectionsLimit to use NEXT property: niws.loadbalancer.availabilityFilteringRule.activeConnectionsLimit = 2147483647
[ INFO ] [2020-11-05 18:59:39] com.netflix.loadbalancer.PollingServerListUpdater [53] - Shutting down the Executor Pool for PollingServerListUpdater
[ INFO ] [2020-11-05 18:59:39] com.alibaba.cloud.nacos.registry.NacosServiceRegistry [80] - De-registering from Nacos Server now...
[ INFO ] [2020-11-05 18:59:39] com.alibaba.cloud.nacos.registry.NacosServiceRegistry [100] - De-registration finished.
[ INFO ] [2020-11-05 18:59:52] com.wyz.gateway.GatewayApplication [651] - No active profile set, falling back to default profiles: default
[ INFO ] [2020-11-05 18:59:53] org.springframework.cloud.context.scope.GenericScope [295] - BeanFactory id=c19547b7-e54c-39a9-b98e-e1d7bbcb48a0
[ INFO ] [2020-11-05 18:59:53] org.springframework.context.support.PostProcessorRegistrationDelegate$BeanPostProcessorChecker [335] - Bean 'org.springframework.cloud.client.loadbalancer.reactive.LoadBalancerBeanPostProcessorAutoConfiguration' of type [org.springframework.cloud.client.loadbalancer.reactive.LoadBalancerBeanPostProcessorAutoConfiguration] is not eligible for getting processed by all BeanPostProcessors (for example: not eligible for auto-proxying)
[ INFO ] [2020-11-05 18:59:53] org.springframework.context.support.PostProcessorRegistrationDelegate$BeanPostProcessorChecker [335] - Bean 'org.springframework.cloud.client.loadbalancer.reactive.LoadBalancerBeanPostProcessorAutoConfiguration$ReactiveLoadBalancerConfig' of type [org.springframework.cloud.client.loadbalancer.reactive.LoadBalancerBeanPostProcessorAutoConfiguration$ReactiveLoadBalancerConfig] is not eligible for getting processed by all BeanPostProcessors (for example: not eligible for auto-proxying)
[ INFO ] [2020-11-05 18:59:53] org.springframework.context.support.PostProcessorRegistrationDelegate$BeanPostProcessorChecker [335] - Bean 'deferringLoadBalancerExchangeFilterFunction' of type [org.springframework.cloud.client.loadbalancer.reactive.DeferringLoadBalancerExchangeFilterFunction] is not eligible for getting processed by all BeanPostProcessors (for example: not eligible for auto-proxying)
[ WARN ] [2020-11-05 18:59:54] com.netflix.config.sources.URLConfigurationSource [121] - No URLs will be polled as dynamic configuration sources.
[ INFO ] [2020-11-05 18:59:54] com.netflix.config.sources.URLConfigurationSource [122] - To enable URLs as dynamic configuration sources, define System property archaius.configurationSource.additionalUrls or make config.properties available on classpath.
[ WARN ] [2020-11-05 18:59:54] com.netflix.config.sources.URLConfigurationSource [121] - No URLs will be polled as dynamic configuration sources.
[ INFO ] [2020-11-05 18:59:54] com.netflix.config.sources.URLConfigurationSource [122] - To enable URLs as dynamic configuration sources, define System property archaius.configurationSource.additionalUrls or make config.properties available on classpath.
[ INFO ] [2020-11-05 18:59:58] org.springframework.cloud.gateway.route.RouteDefinitionRouteLocator [139] - Loaded RoutePredicateFactory [After]
[ INFO ] [2020-11-05 18:59:58] org.springframework.cloud.gateway.route.RouteDefinitionRouteLocator [139] - Loaded RoutePredicateFactory [Before]
[ INFO ] [2020-11-05 18:59:58] org.springframework.cloud.gateway.route.RouteDefinitionRouteLocator [139] - Loaded RoutePredicateFactory [Between]
[ INFO ] [2020-11-05 18:59:58] org.springframework.cloud.gateway.route.RouteDefinitionRouteLocator [139] - Loaded RoutePredicateFactory [Cookie]
[ INFO ] [2020-11-05 18:59:58] org.springframework.cloud.gateway.route.RouteDefinitionRouteLocator [139] - Loaded RoutePredicateFactory [Header]
[ INFO ] [2020-11-05 18:59:58] org.springframework.cloud.gateway.route.RouteDefinitionRouteLocator [139] - Loaded RoutePredicateFactory [Host]
[ INFO ] [2020-11-05 18:59:58] org.springframework.cloud.gateway.route.RouteDefinitionRouteLocator [139] - Loaded RoutePredicateFactory [Method]
[ INFO ] [2020-11-05 18:59:58] org.springframework.cloud.gateway.route.RouteDefinitionRouteLocator [139] - Loaded RoutePredicateFactory [Path]
[ INFO ] [2020-11-05 18:59:58] org.springframework.cloud.gateway.route.RouteDefinitionRouteLocator [139] - Loaded RoutePredicateFactory [Query]
[ INFO ] [2020-11-05 18:59:58] org.springframework.cloud.gateway.route.RouteDefinitionRouteLocator [139] - Loaded RoutePredicateFactory [ReadBodyPredicateFactory]
[ INFO ] [2020-11-05 18:59:58] org.springframework.cloud.gateway.route.RouteDefinitionRouteLocator [139] - Loaded RoutePredicateFactory [RemoteAddr]
[ INFO ] [2020-11-05 18:59:58] org.springframework.cloud.gateway.route.RouteDefinitionRouteLocator [139] - Loaded RoutePredicateFactory [Weight]
[ INFO ] [2020-11-05 18:59:58] org.springframework.cloud.gateway.route.RouteDefinitionRouteLocator [139] - Loaded RoutePredicateFactory [CloudFoundryRouteService]
[ INFO ] [2020-11-05 18:59:58] org.springframework.scheduling.concurrent.ThreadPoolTaskScheduler [181] - Initializing ExecutorService 'Nacso-Watch-Task-Scheduler'
[ INFO ] [2020-11-05 19:00:01] org.springframework.boot.web.embedded.netty.NettyWebServer [109] - Netty started on port(s): 8001
[ INFO ] [2020-11-05 19:00:02] com.alibaba.cloud.nacos.registry.NacosServiceRegistry [65] - nacos registry, DEFAULT_GROUP gateway 192.168.225.1:8001 register finished
[ INFO ] [2020-11-05 19:00:02] com.wyz.gateway.GatewayApplication [61] - Started GatewayApplication in 16.046 seconds (JVM running for 18.918)
[ INFO ] [2020-11-05 19:00:48] com.netflix.config.ChainedDynamicProperty [115] - Flipping property: user.ribbon.ActiveConnectionsLimit to use NEXT property: niws.loadbalancer.availabilityFilteringRule.activeConnectionsLimit = 2147483647
[ INFO ] [2020-11-05 19:00:48] com.netflix.loadbalancer.BaseLoadBalancer [197] - Client: user instantiated a LoadBalancer: DynamicServerListLoadBalancer:{NFLoadBalancer:name=user,current list of Servers=[],Load balancer stats=Zone stats: {},Server stats: []}ServerList:null
[ INFO ] [2020-11-05 19:00:48] com.netflix.loadbalancer.DynamicServerListLoadBalancer [222] - Using serverListUpdater PollingServerListUpdater
[ INFO ] [2020-11-05 19:00:48] com.netflix.config.ChainedDynamicProperty [115] - Flipping property: user.ribbon.ActiveConnectionsLimit to use NEXT property: niws.loadbalancer.availabilityFilteringRule.activeConnectionsLimit = 2147483647
[ INFO ] [2020-11-05 19:00:48] com.netflix.loadbalancer.DynamicServerListLoadBalancer [150] - DynamicServerListLoadBalancer for client user initialized: DynamicServerListLoadBalancer:{NFLoadBalancer:name=user,current list of Servers=[192.168.225.1:8002],Load balancer stats=Zone stats: {unknown=[Zone:unknown;	Instance count:1;	Active connections count: 0;	Circuit breaker tripped count: 0;	Active connections per server: 0.0;]
},Server stats: [[Server:192.168.225.1:8002;	Zone:UNKNOWN;	Total Requests:0;	Successive connection failure:0;	Total blackout seconds:0;	Last connection made:Thu Jan 01 08:00:00 CST 1970;	First connection made: Thu Jan 01 08:00:00 CST 1970;	Active Connections:0;	total failure count in last (1000) msecs:0;	average resp time:0.0;	90 percentile resp time:0.0;	95 percentile resp time:0.0;	min resp time:0.0;	max resp time:0.0;	stddev resp time:0.0]
]}ServerList:com.alibaba.cloud.nacos.ribbon.NacosServerList@3219bb53
[ INFO ] [2020-11-05 19:00:49] com.netflix.config.ChainedDynamicProperty [115] - Flipping property: user.ribbon.ActiveConnectionsLimit to use NEXT property: niws.loadbalancer.availabilityFilteringRule.activeConnectionsLimit = 2147483647
[ INFO ] [2020-11-05 19:01:10] com.netflix.loadbalancer.PollingServerListUpdater [53] - Shutting down the Executor Pool for PollingServerListUpdater
[ INFO ] [2020-11-05 19:01:10] com.alibaba.cloud.nacos.registry.NacosServiceRegistry [80] - De-registering from Nacos Server now...
[ INFO ] [2020-11-05 19:01:10] com.alibaba.cloud.nacos.registry.NacosServiceRegistry [100] - De-registration finished.
